[ 2016-03-28T00:18:40+08:00 ] ::1 /england/index.php/index/http//fonts.googleapis.com/css?family=Roboto:400,300,700,500
ERR: 非法操作:http

[ 2016-03-28T00:18:40+08:00 ] ::1 /england/index.php/index/http//code.jquery.com/ui/1.10.3/jquery-ui.js
ERR: 非法操作:http

[ 2016-03-28T00:18:40+08:00 ] ::1 /england/index.php/index/images/layer-slider/skins/fullwidth/skin.css
ERR: 非法操作:images

[ 2016-03-28T00:18:48+08:00 ] ::1 /england/index.php/index/http//code.jquery.com/ui/1.10.3/jquery-ui.js
ERR: 非法操作:http

[ 2016-03-28T00:18:48+08:00 ] ::1 /england/index.php/index/http//fonts.googleapis.com/css?family=Roboto:400,300,700,500
ERR: 非法操作:http

[ 2016-03-28T00:18:51+08:00 ] ::1 /england/index.php/home/index/http//fonts.googleapis.com/css?family=Roboto:400,300,700,500
ERR: 非法操作:http

[ 2016-03-28T00:18:51+08:00 ] ::1 /england/index.php/home/index/http//code.jquery.com/ui/1.10.3/jquery-ui.js
ERR: 非法操作:http

[ 2016-03-28T00:18:51+08:00 ] ::1 /england/index.php/home/index/images/layer-slider/skins/fullwidth/skin.css
ERR: 非法操作:images

[ 2016-03-28T00:19:00+08:00 ] ::1 /england/index.php/index/http//code.jquery.com/ui/1.10.3/jquery-ui.js
ERR: 非法操作:http

[ 2016-03-28T00:19:00+08:00 ] ::1 /england/index.php/index/http//fonts.googleapis.com/css?family=Roboto:400,300,700,500
ERR: 非法操作:http

[ 2016-03-28T00:20:11+08:00 ] ::1 /england/index.php/index/http//fonts.googleapis.com/css?family=Roboto:400,300,700,500
ERR: 非法操作:http

[ 2016-03-28T00:20:11+08:00 ] ::1 /england/index.php/index/http//code.jquery.com/ui/1.10.3/jquery-ui.js
ERR: 非法操作:http

[ 2016-03-28T00:20:11+08:00 ] ::1 /england/index.php/index/images/layer-slider/skins/fullwidth/skin.css
ERR: 非法操作:images

[ 2016-03-28T00:20:20+08:00 ] ::1 /england/index.php/index/http//code.jquery.com/ui/1.10.3/jquery-ui.js
ERR: 非法操作:http

[ 2016-03-28T00:20:20+08:00 ] ::1 /england/index.php/index/http//fonts.googleapis.com/css?family=Roboto:400,300,700,500
ERR: 非法操作:http

[ 2016-03-28T00:20:21+08:00 ] ::1 /england/index.php/index/http//fonts.googleapis.com/css?family=Roboto:400,300,700,500
ERR: 非法操作:http

[ 2016-03-28T00:20:21+08:00 ] ::1 /england/index.php/index/http//code.jquery.com/ui/1.10.3/jquery-ui.js
ERR: 非法操作:http

[ 2016-03-28T00:20:21+08:00 ] ::1 /england/index.php/index/images/layer-slider/skins/fullwidth/skin.css
ERR: 非法操作:images

[ 2016-03-28T00:20:23+08:00 ] ::1 /england/index.php/home/index/http//fonts.googleapis.com/css?family=Roboto:400,300,700,500
ERR: 非法操作:http

[ 2016-03-28T00:20:23+08:00 ] ::1 /england/index.php/home/index/http//code.jquery.com/ui/1.10.3/jquery-ui.js
ERR: 非法操作:http

[ 2016-03-28T00:20:23+08:00 ] ::1 /england/index.php/home/index/images/layer-slider/skins/fullwidth/skin.css
ERR: 非法操作:images

[ 2016-03-28T00:20:49+08:00 ] ::1 /england/index.php/home/index/http//fonts.googleapis.com/css?family=Roboto:400,300,700,500
ERR: 非法操作:http

[ 2016-03-28T00:20:49+08:00 ] ::1 /england/index.php/home/index/http//code.jquery.com/ui/1.10.3/jquery-ui.js
ERR: 非法操作:http

[ 2016-03-28T00:20:49+08:00 ] ::1 /england/index.php/home/index/images/layer-slider/skins/fullwidth/skin.css
ERR: 非法操作:images

[ 2016-03-28T00:20:55+08:00 ] ::1 /england/index.php/index/http//code.jquery.com/ui/1.10.3/jquery-ui.js
ERR: 非法操作:http

[ 2016-03-28T00:20:55+08:00 ] ::1 /england/index.php/index/http//fonts.googleapis.com/css?family=Roboto:400,300,700,500
ERR: 非法操作:http

[ 2016-03-28T00:21:58+08:00 ] ::1 /england/index.php/index/http//fonts.googleapis.com/css?family=Roboto:400,300,700,500
ERR: 非法操作:http

[ 2016-03-28T00:21:58+08:00 ] ::1 /england/index.php/index/http//code.jquery.com/ui/1.10.3/jquery-ui.js
ERR: 非法操作:http

[ 2016-03-28T00:22:00+08:00 ] ::1 /england/index.php/index/http//code.jquery.com/ui/1.10.3/jquery-ui.js
ERR: 非法操作:http

[ 2016-03-28T00:22:01+08:00 ] ::1 /england/index.php/index/http//fonts.googleapis.com/css?family=Roboto:400,300,700,500
ERR: 非法操作:http

[ 2016-03-28T00:22:01+08:00 ] ::1 /england/index.php/index/images/layer-slider/skins/fullwidth/skin.css
ERR: 非法操作:images

[ 2016-03-28T00:22:30+08:00 ] ::1 /england/index.php/index/http//fonts.googleapis.com/css?family=Roboto:400,300,700,500
ERR: 非法操作:http

[ 2016-03-28T00:22:30+08:00 ] ::1 /england/index.php/index/http//code.jquery.com/ui/1.10.3/jquery-ui.js
ERR: 非法操作:http

[ 2016-03-28T00:22:31+08:00 ] ::1 /england/index.php/index/images/layer-slider/skins/fullwidth/skin.css
ERR: 非法操作:images

[ 2016-03-28T03:43:21+08:00 ] ::1 /england/index.php/index/http//code.jquery.com/ui/1.10.3/jquery-ui.js
ERR: 非法操作:http

[ 2016-03-28T03:43:22+08:00 ] ::1 /england/index.php/index/http//fonts.googleapis.com/css?family=Roboto:400,300,700,500
ERR: 非法操作:http

[ 2016-03-28T03:43:22+08:00 ] ::1 /england/index.php/index/images/layer-slider/skins/fullwidth/skin.css
ERR: 非法操作:images

[ 2016-03-28T03:45:51+08:00 ] ::1 /england/index.php/index/http//fonts.googleapis.com/css?family=Roboto:400,300,700,500
ERR: 非法操作:http

[ 2016-03-28T03:45:51+08:00 ] ::1 /england/index.php/index/http//code.jquery.com/ui/1.10.3/jquery-ui.js
ERR: 非法操作:http

[ 2016-03-28T03:45:51+08:00 ] ::1 /england/index.php/index/images/layer-slider/skins/fullwidth/skin.css
ERR: 非法操作:images

[ 2016-03-28T03:45:55+08:00 ] ::1 /england/index.php/home/index/http//fonts.googleapis.com/css?family=Roboto:400,300,700,500
ERR: 非法操作:http

[ 2016-03-28T03:45:55+08:00 ] ::1 /england/index.php/home/index/http//code.jquery.com/ui/1.10.3/jquery-ui.js
ERR: 非法操作:http

[ 2016-03-28T03:45:56+08:00 ] ::1 /england/index.php/home/index/images/layer-slider/skins/fullwidth/skin.css
ERR: 非法操作:images

[ 2016-03-28T03:46:05+08:00 ] ::1 /england/index.php/home/index/http//fonts.googleapis.com/css?family=Roboto:400,300,700,500
ERR: 非法操作:http

[ 2016-03-28T03:46:05+08:00 ] ::1 /england/index.php/home/index/http//code.jquery.com/ui/1.10.3/jquery-ui.js
ERR: 非法操作:http

[ 2016-03-28T03:46:05+08:00 ] ::1 /england/index.php/home/index/images/layer-slider/skins/fullwidth/skin.css
ERR: 非法操作:images

[ 2016-03-28T03:46:45+08:00 ] ::1 /england/index.php/home/message/http//fonts.googleapis.com/css?family=Roboto:400,300,700,500
ERR: 非法操作:http

[ 2016-03-28T03:46:45+08:00 ] ::1 /england/index.php/home/message/http//code.jquery.com/ui/1.10.3/jquery-ui.js
ERR: 非法操作:http

[ 2016-03-28T03:46:48+08:00 ] ::1 /england/index.php/home/index/http//fonts.googleapis.com/css?family=Roboto:400,300,700,500
ERR: 非法操作:http

[ 2016-03-28T03:46:48+08:00 ] ::1 /england/index.php/home/index/http//code.jquery.com/ui/1.10.3/jquery-ui.js
ERR: 非法操作:http

[ 2016-03-28T03:46:48+08:00 ] ::1 /england/index.php/home/index/images/layer-slider/skins/fullwidth/skin.css
ERR: 非法操作:images

[ 2016-03-28T03:46:51+08:00 ] ::1 /england/index.php/index/http//fonts.googleapis.com/css?family=Roboto:400,300,700,500
ERR: 非法操作:http

[ 2016-03-28T03:46:51+08:00 ] ::1 /england/index.php/index/http//code.jquery.com/ui/1.10.3/jquery-ui.js
ERR: 非法操作:http

[ 2016-03-28T03:46:51+08:00 ] ::1 /england/index.php/index/images/layer-slider/skins/fullwidth/skin.css
ERR: 非法操作:images

[ 2016-03-28T03:46:54+08:00 ] ::1 /england/index.php/home/index/http//code.jquery.com/ui/1.10.3/jquery-ui.js
ERR: 非法操作:http

[ 2016-03-28T03:46:54+08:00 ] ::1 /england/index.php/home/index/http//fonts.googleapis.com/css?family=Roboto:400,300,700,500
ERR: 非法操作:http

[ 2016-03-28T03:46:54+08:00 ] ::1 /england/index.php/home/index/images/layer-slider/skins/fullwidth/skin.css
ERR: 非法操作:images

[ 2016-03-28T03:47:11+08:00 ] ::1 /england/index.php/index/http//fonts.googleapis.com/css?family=Roboto:400,300,700,500
ERR: 非法操作:http

[ 2016-03-28T03:47:11+08:00 ] ::1 /england/index.php/index/http//code.jquery.com/ui/1.10.3/jquery-ui.js
ERR: 非法操作:http

[ 2016-03-28T03:47:14+08:00 ] ::1 /england/index.php/index/http//fonts.googleapis.com/css?family=Roboto:400,300,700,500
ERR: 非法操作:http

[ 2016-03-28T03:47:14+08:00 ] ::1 /england/index.php/index/http//code.jquery.com/ui/1.10.3/jquery-ui.js
ERR: 非法操作:http

[ 2016-03-28T03:47:16+08:00 ] ::1 /england/index.php/index/http//fonts.googleapis.com/css?family=Roboto:400,300,700,500
ERR: 非法操作:http

[ 2016-03-28T03:47:16+08:00 ] ::1 /england/index.php/index/http//code.jquery.com/ui/1.10.3/jquery-ui.js
ERR: 非法操作:http

[ 2016-03-28T03:47:18+08:00 ] ::1 /england/index.php/index/http//code.jquery.com/ui/1.10.3/jquery-ui.js
ERR: 非法操作:http

[ 2016-03-28T03:47:18+08:00 ] ::1 /england/index.php/index/http//fonts.googleapis.com/css?family=Roboto:400,300,700,500
ERR: 非法操作:http

[ 2016-03-28T03:47:28+08:00 ] ::1 /england/index.php/index/http//fonts.googleapis.com/css?family=Roboto:400,300,700,500
ERR: 非法操作:http

[ 2016-03-28T03:47:29+08:00 ] ::1 /england/index.php/index/http//code.jquery.com/ui/1.10.3/jquery-ui.js
ERR: 非法操作:http

[ 2016-03-28T03:47:31+08:00 ] ::1 /england/index.php/home/message/http//code.jquery.com/ui/1.10.3/jquery-ui.js
ERR: 非法操作:http

[ 2016-03-28T03:47:31+08:00 ] ::1 /england/index.php/home/message/http//fonts.googleapis.com/css?family=Roboto:400,300,700,500
ERR: 非法操作:http

[ 2016-03-28T03:47:37+08:00 ] ::1 /england/index.php/index/http//fonts.googleapis.com/css?family=Roboto:400,300,700,500
ERR: 非法操作:http

[ 2016-03-28T03:47:37+08:00 ] ::1 /england/index.php/index/http//code.jquery.com/ui/1.10.3/jquery-ui.js
ERR: 非法操作:http

[ 2016-03-28T03:47:39+08:00 ] ::1 /england/index.php/index/http//code.jquery.com/ui/1.10.3/jquery-ui.js
ERR: 非法操作:http

[ 2016-03-28T03:47:39+08:00 ] ::1 /england/index.php/index/http//fonts.googleapis.com/css?family=Roboto:400,300,700,500
ERR: 非法操作:http

[ 2016-03-28T03:47:39+08:00 ] ::1 /england/index.php/index/images/layer-slider/skins/fullwidth/skin.css
ERR: 非法操作:images

[ 2016-03-28T03:55:58+08:00 ] ::1 /england/index.php/index/http//fonts.googleapis.com/css?family=Roboto:400,300,700,500
ERR: 非法操作:http

[ 2016-03-28T03:55:59+08:00 ] ::1 /england/index.php/index/http//code.jquery.com/ui/1.10.3/jquery-ui.js
ERR: 非法操作:http

[ 2016-03-28T03:55:59+08:00 ] ::1 /england/index.php/index/images/layer-slider/skins/fullwidth/skin.css
ERR: 非法操作:images

[ 2016-03-28T03:56:22+08:00 ] ::1 /england/index.php/home/index/http//fonts.googleapis.com/css?family=Roboto:400,300,700,500
ERR: 非法操作:http

[ 2016-03-28T03:56:22+08:00 ] ::1 /england/index.php/home/index/http//code.jquery.com/ui/1.10.3/jquery-ui.js
ERR: 非法操作:http

[ 2016-03-28T03:56:22+08:00 ] ::1 /england/index.php/home/index/images/layer-slider/skins/fullwidth/skin.css
ERR: 非法操作:images

[ 2016-03-28T03:56:29+08:00 ] ::1 /england/index.php/index/http//fonts.googleapis.com/css?family=Roboto:400,300,700,500
ERR: 非法操作:http

[ 2016-03-28T03:56:29+08:00 ] ::1 /england/index.php/index/http//code.jquery.com/ui/1.10.3/jquery-ui.js
ERR: 非法操作:http

[ 2016-03-28T03:56:34+08:00 ] ::1 /england/index.php/index/http//fonts.googleapis.com/css?family=Roboto:400,300,700,500
ERR: 非法操作:http

[ 2016-03-28T03:56:34+08:00 ] ::1 /england/index.php/index/http//code.jquery.com/ui/1.10.3/jquery-ui.js
ERR: 非法操作:http

[ 2016-03-28T03:56:34+08:00 ] ::1 /england/index.php/index/images/layer-slider/skins/fullwidth/skin.css
ERR: 非法操作:images

